0 info it worked if it ends with ok
1 verbose cli [ '/Users/mac/.nvm/versions/node/v6.7.0/bin/node',
1 verbose cli   '/Users/mac/.nvm/versions/node/v6.7.0/bin/npm',
1 verbose cli   'start' ]
2 info using npm@4.1.1
3 info using node@v6.7.0
4 verbose run-script [ 'prestart', 'start', 'poststart' ]
5 info lifecycle ps-redux@1.0.0~prestart: ps-redux@1.0.0
6 verbose lifecycle ps-redux@1.0.0~prestart: unsafe-perm in lifecycle true
7 verbose lifecycle ps-redux@1.0.0~prestart: PATH: /Users/mac/.nvm/versions/node/v6.7.0/lib/node_modules/npm/bin/node-gyp-bin:/Users/mac/Downloads/reduct-react/node_modules/.bin:/Users/mac/.nvm/versions/node/v6.7.0/bin:/usr/bin:/bin:/usr/sbin:/sbin:/usr/local/bin
8 verbose lifecycle ps-redux@1.0.0~prestart: CWD: /Users/mac/Downloads/reduct-react
9 silly lifecycle ps-redux@1.0.0~prestart: Args: [ '-c', 'babel-node tools.srcServer.js' ]
10 silly lifecycle ps-redux@1.0.0~prestart: Returned: code: 1  signal: null
11 info lifecycle ps-redux@1.0.0~prestart: Failed to exec prestart script
12 verbose stack Error: ps-redux@1.0.0 prestart: `babel-node tools.srcServer.js`
12 verbose stack Exit status 1
12 verbose stack     at EventEmitter.<anonymous> (/Users/mac/.nvm/versions/node/v6.7.0/lib/node_modules/npm/lib/utils/lifecycle.js:279:16)
12 verbose stack     at emitTwo (events.js:106:13)
12 verbose stack     at EventEmitter.emit (events.js:191:7)
12 verbose stack     at ChildProcess.<anonymous> (/Users/mac/.nvm/versions/node/v6.7.0/lib/node_modules/npm/lib/utils/spawn.js:40:14)
12 verbose stack     at emitTwo (events.js:106:13)
12 verbose stack     at ChildProcess.emit (events.js:191:7)
12 verbose stack     at maybeClose (internal/child_process.js:877:16)
12 verbose stack     at Process.ChildProcess._handle.onexit (internal/child_process.js:226:5)
13 verbose pkgid ps-redux@1.0.0
14 verbose cwd /Users/mac/Downloads/reduct-react
15 error Darwin 15.6.0
16 error argv "/Users/mac/.nvm/versions/node/v6.7.0/bin/node" "/Users/mac/.nvm/versions/node/v6.7.0/bin/npm" "start"
17 error node v6.7.0
18 error npm  v4.1.1
19 error code ELIFECYCLE
20 error ps-redux@1.0.0 prestart: `babel-node tools.srcServer.js`
20 error Exit status 1
21 error Failed at the ps-redux@1.0.0 prestart script 'babel-node tools.srcServer.js'.
21 error Make sure you have the latest version of node.js and npm installed.
21 error If you do, this is most likely a problem with the ps-redux package,
21 error not with npm itself.
21 error Tell the author that this fails on your system:
21 error     babel-node tools.srcServer.js
21 error You can get information on how to open an issue for this project with:
21 error     npm bugs ps-redux
21 error Or if that isn't available, you can get their info via:
21 error     npm owner ls ps-redux
21 error There is likely additional logging output above.
22 verbose exit [ 1, true ]
